<?xml version="1.0" encoding="utf-8"?><testsuites name="pytest tests"><testsuite name="pytest" errors="0" failures="0" skipped="0" tests="11" time="7.512" timestamp="2026-09-10T08:19:07.090355+00:00" hostname="agent-env-111ec767-3b41-4889-94e4-cb524cab5a2f"><testcase classname="tests.test_auth_and_events.TestRegister" name="test_register_ok" time="0.674" /><testcase classname="tests.test_auth_and_events.TestRegister" name="test_register_no_rgpd" time="0.129" /><testcase classname="tests.test_auth_and_events.TestRegister" name="test_register_short_password" time="0.123" /><testcase classname="tests.test_auth_and_events.TestRegister" name="test_register_duplicate" time="0.616" /><testcase classname="tests.test_auth_and_events.TestLogin" name="test_admin_login_and_me" time="0.467" /><testcase classname="tests.test_auth_and_events.TestLogin" name="test_user_login" time="0.854" /><testcase classname="tests.test_auth_and_events.TestAdminGuards" name="test_user_cannot_list_members" time="1.692" /><testcase classname="tests.test_auth_and_events.TestAdminGuards" name="test_user_cannot_update_home" time="0.135" /><testcase classname="tests.test_auth_and_events.TestAdminGuards" name="test_admin_can_list_members" time="0.143" /><testcase classname="tests.test_auth_and_events.TestEventFlow" name="test_full_flow" time="2.463" /><testcase classname="tests.test_auth_and_events" name="test_cleanup_users" time="0.144" /></testsuite></testsuites>