<?xml version="1.0" encoding="utf-8"?><testsuites name="pytest tests"><testsuite name="pytest" errors="0" failures="0" skipped="0" tests="11" time="3.567" timestamp="2026-09-10T08:48:30.058847+00:00" hostname="agent-env-111ec767-3b41-4889-94e4-cb524cab5a2f"><testcase classname="tests.test_members_validation.TestCreateMember" name="test_create_public_no_auth_returns_pending" time="0.497" /><testcase classname="tests.test_members_validation.TestUpdateMemberStatus" name="test_approve" time="1.223" /><testcase classname="tests.test_members_validation.TestCreateMember" name="test_create_missing_required_returns_422" time="0.134" /><testcase classname="tests.test_members_validation.TestListMembersAccess" name="test_user_token_gets_403" time="0.474" /><testcase classname="tests.test_members_validation.TestUpdateMemberStatus" name="test_reject" time="0.405" /><testcase classname="tests.test_members_validation.TestListMembersAccess" name="test_admin_ok" time="0.536" /><testcase classname="tests.test_members_validation.TestUpdateMemberStatus" name="test_reset_to_pending" time="0.534" /><testcase classname="tests.test_members_validation" name="test_zzz_cleanup" time="0.678" /><testcase classname="tests.test_members_validation.TestUpdateMemberStatus" name="test_invalid_status_returns_400" time="0.302" /><testcase classname="tests.test_members_validation.TestUpdateMemberStatus" name="test_unknown_id_returns_404" time="0.135" /><testcase classname="tests.test_members_validation.TestUpdateMemberStatus" name="test_user_token_gets_403" time="0.638" /></testsuite></testsuites>