<?xml version="1.0" encoding="utf-8"?><testsuites name="pytest tests"><testsuite name="pytest" errors="0" failures="0" skipped="0" tests="15" time="5.108" timestamp="2026-09-10T08:38:12.137797+00:00" hostname="agent-env-111ec767-3b41-4889-94e4-cb524cab5a2f"><testcase classname="tests.test_newsletter.TestSendNewsletter" name="test_send_empty_subject" time="0.871" /><testcase classname="tests.test_newsletter.TestAdminAuth" name="test_admin_users_requires_admin" time="1.442" /><testcase classname="tests.test_newsletter.TestSendNewsletter" name="test_send_empty_body" time="0.288" /><testcase classname="tests.test_newsletter.TestSendNewsletter" name="test_send_success_and_history" time="0.497" /><testcase classname="tests.test_newsletter.TestAdminAuth" name="test_admin_users_no_token" time="0.167" /><testcase classname="tests.test_newsletter.TestAdminAuth" name="test_toggle_newsletter_forbidden_for_user" time="0.513" /><testcase classname="tests.test_newsletter.TestSendNewsletter" name="test_list_requires_admin" time="0.316" /><testcase classname="tests.test_newsletter.TestSendNewsletter" name="test_subscribers_count_requires_admin" time="0.206" /><testcase classname="tests.test_newsletter.TestAdminAuth" name="test_newsletters_forbidden_for_user" time="0.629" /><testcase classname="tests.test_newsletter.TestToggleNewsletter" name="test_toggle_flow" time="1.193" /><testcase classname="tests.test_newsletter.TestRegisterNewsletter" name="test_register_with_newsletter_true" time="0.514" /><testcase classname="tests.test_newsletter.TestRegisterNewsletter" name="test_register_with_newsletter_false" time="0.475" /><testcase classname="tests.test_newsletter.TestToggleNewsletter" name="test_toggle_unknown_id" time="0.252" /><testcase classname="tests.test_newsletter.TestSubscribersCount" name="test_count_matches" time="0.546" /><testcase classname="tests.test_newsletter.TestRegisterNewsletter" name="test_register_without_newsletter_field" time="0.541" /></testsuite></testsuites>