<?xml version="1.0" encoding="utf-8"?><testsuites name="pytest tests"><testsuite name="pytest" errors="0" failures="0" skipped="0" tests="10" time="6.065" timestamp="2026-08-16T17:24:33.432230+00:00" hostname="agent-env-111ec767-3b41-4889-94e4-cb524cab5a2f"><testcase classname="tests.test_security_hardening" name="test_admin_login_success" time="0.521" /><testcase classname="tests.test_security_hardening" name="test_admin_login_wrong_password_returns_401" time="0.255" /><testcase classname="tests.test_security_hardening" name="test_brute_force_lockout_after_5_failed_attempts" time="0.930" /><testcase classname="tests.test_security_hardening" name="test_successful_login_clears_failed_counter" time="2.767" /><testcase classname="tests.test_security_hardening" name="test_contact_message_create_and_persist" time="0.442" /><testcase classname="tests.test_security_hardening" name="test_member_signup_returns_pending" time="0.243" /><testcase classname="tests.test_security_hardening" name="test_contact_message_html_injection_is_stored_without_error" time="0.279" /><testcase classname="tests.test_security_hardening" name="test_track_throttle_on_second_quick_hit" time="0.331" /><testcase classname="tests.test_security_hardening" name="test_protected_members_requires_auth" time="0.109" /><testcase classname="tests.test_security_hardening" name="test_protected_messages_requires_auth" time="0.130" /></testsuite></testsuites>