<?xml version="1.0" encoding="utf-8"?><testsuites name="pytest tests"><testsuite name="pytest" errors="0" failures="0" skipped="0" tests="4" time="2.912" timestamp="2026-09-17T16:56:32.262168+00:00" hostname="agent-env-7a277e57-72d9-4535-b905-55c8bb642b7b"><testcase classname="tests.test_team_api" name="test_public_list_team" time="0.374" /><testcase classname="tests.test_team_api" name="test_create_bio_staff_member" time="0.879" /><testcase classname="tests.test_team_api" name="test_create_image_intervenant_member" time="0.497" /><testcase classname="tests.test_team_api" name="test_create_requires_auth" time="0.655" /></testsuite></testsuites>